<?xml version="1.0" encoding="UTF-8"?>
<testng-results skipped="4" failed="0" total="4" passed="0">
  <reporter-output>
  </reporter-output>
  <suite name="Default suite" duration-ms="10" started-at="2019-04-30T10:05:27Z" finished-at="2019-04-30T10:05:27Z">
    <groups>
    </groups>
    <test name="Default test" duration-ms="10" started-at="2019-04-30T10:05:27Z" finished-at="2019-04-30T10:05:27Z">
      <class name="com.sample.LoginPage">
        <test-method status="FAIL" signature="start()[pri:0, instance:com.sample.LoginPage@4cdbe50f]" name="start" is-config="true" duration-ms="0" started-at="2019-04-30T15:35:25Z" finished-at="2019-04-30T15:35:25Z">
          <exception class="org.openqa.selenium.WebDriverException">
            <message>
              <![CDATA[Invalid username or password (WARNING: The server did not provide any stacktrace information)
Command duration or timeout: 1.36 seconds
Build info: version: '3.141.59', revision: 'e82be7d358', time: '2018-11-14T08:17:03'
System info: host: 'YUGENSYSDEV-15', ip: '192.168.1.20', os.name: 'Windows 10', os.arch: 'amd64', os.version: '10.0', java.version: '1.8.0_191'
Driver info: driver.version: RemoteWebDriver]]>
            </message>
            <full-stacktrace>
              <![CDATA[org.openqa.selenium.WebDriverException: Invalid username or password (WARNING: The server did not provide any stacktrace information)
Command duration or timeout: 1.36 seconds
Build info: version: '3.141.59', revision: 'e82be7d358', time: '2018-11-14T08:17:03'
System info: host: 'YUGENSYSDEV-15', ip: '192.168.1.20', os.name: 'Windows 10', os.arch: 'amd64', os.version: '10.0', java.version: '1.8.0_191'
Driver info: driver.version: RemoteWebDriver
	at sun.reflect.NativeConstructorAccessorImpl.newInstance0(Native Method)
	at sun.reflect.NativeConstructorAccessorImpl.newInstance(Unknown Source)
	at sun.reflect.DelegatingConstructorAccessorImpl.newInstance(Unknown Source)
	at java.lang.reflect.Constructor.newInstance(Unknown Source)
	at org.openqa.selenium.remote.ErrorHandler.createThrowable(ErrorHandler.java:214)
	at org.openqa.selenium.remote.ErrorHandler.throwIfResponseFailed(ErrorHandler.java:166)
	at org.openqa.selenium.remote.JsonWireProtocolResponse.lambda$errorHandler$0(JsonWireProtocolResponse.java:54)
	at org.openqa.selenium.remote.HandshakeResponse.lambda$getResponseFunction$0(HandshakeResponse.java:30)
	at org.openqa.selenium.remote.ProtocolHandshake.lambda$createSession$0(ProtocolHandshake.java:126)
	at java.util.stream.ReferencePipeline$3$1.accept(Unknown Source)
	at java.util.Spliterators$ArraySpliterator.tryAdvance(Unknown Source)
	at java.util.stream.ReferencePipeline.forEachWithCancel(Unknown Source)
	at java.util.stream.AbstractPipeline.copyIntoWithCancel(Unknown Source)
	at java.util.stream.AbstractPipeline.copyInto(Unknown Source)
	at java.util.stream.AbstractPipeline.wrapAndCopyInto(Unknown Source)
	at java.util.stream.FindOps$FindOp.evaluateSequential(Unknown Source)
	at java.util.stream.AbstractPipeline.evaluate(Unknown Source)
	at java.util.stream.ReferencePipeline.findFirst(Unknown Source)
	at org.openqa.selenium.remote.ProtocolHandshake.createSession(ProtocolHandshake.java:128)
	at org.openqa.selenium.remote.ProtocolHandshake.createSession(ProtocolHandshake.java:74)
	at org.openqa.selenium.remote.HttpCommandExecutor.execute(HttpCommandExecutor.java:136)
	at org.openqa.selenium.remote.RemoteWebDriver.execute(RemoteWebDriver.java:552)
	at org.openqa.selenium.remote.RemoteWebDriver.startSession(RemoteWebDriver.java:213)
	at org.openqa.selenium.remote.RemoteWebDriver.<init>(RemoteWebDriver.java:131)
	at org.openqa.selenium.remote.RemoteWebDriver.<init>(RemoteWebDriver.java:144)
	at com.sample.LoginPage.start(LoginPage.java:33)
	at sun.reflect.NativeMethodAccessorImpl.invoke0(Native Method)
	at sun.reflect.NativeMethodAccessorImpl.invoke(Unknown Source)
	at sun.reflect.DelegatingMethodAccessorImpl.invoke(Unknown Source)
	at java.lang.reflect.Method.invoke(Unknown Source)
	at org.testng.internal.MethodInvocationHelper.invokeMethod(MethodInvocationHelper.java:86)
	at org.testng.internal.Invoker.invokeConfigurationMethod(Invoker.java:514)
	at org.testng.internal.Invoker.invokeConfigurations(Invoker.java:215)
	at org.testng.internal.Invoker.invokeConfigurations(Invoker.java:142)
	at org.testng.SuiteRunner.privateRun(SuiteRunner.java:305)
	at org.testng.SuiteRunner.run(SuiteRunner.java:268)
	at org.testng.SuiteRunnerWorker.runSuite(SuiteRunnerWorker.java:52)
	at org.testng.SuiteRunnerWorker.run(SuiteRunnerWorker.java:86)
	at org.testng.TestNG.runSuitesSequentially(TestNG.java:1244)
	at org.testng.TestNG.runSuitesLocally(TestNG.java:1169)
	at org.testng.TestNG.run(TestNG.java:1064)
	at org.testng.remote.RemoteTestNG.run(RemoteTestNG.java:113)
	at org.testng.remote.RemoteTestNG.initAndRun(RemoteTestNG.java:206)
	at org.testng.remote.RemoteTestNG.main(RemoteTestNG.java:177)
]]>
            </full-stacktrace>
          </exception> <!-- org.openqa.selenium.WebDriverException -->
          <reporter-output>
          </reporter-output>
        </test-method> <!-- start -->
        <test-method status="SKIP" signature="Url()[pri:1, instance:com.sample.LoginPage@4cdbe50f]" name="Url" duration-ms="0" started-at="2019-04-30T15:35:27Z" finished-at="2019-04-30T15:35:27Z">
          <reporter-output>
          </reporter-output>
        </test-method> <!-- Url -->
        <test-method status="SKIP" signature="Close()[pri:0, instance:com.sample.LoginPage@4cdbe50f]" name="Close" is-config="true" duration-ms="0" started-at="2019-04-30T15:35:27Z" finished-at="2019-04-30T15:35:27Z">
          <reporter-output>
          </reporter-output>
        </test-method> <!-- Close -->
        <test-method status="SKIP" signature="Close()[pri:0, instance:com.sample.LoginPage@4cdbe50f]" name="Close" is-config="true" duration-ms="0" started-at="2019-04-30T15:35:27Z" finished-at="2019-04-30T15:35:27Z">
          <reporter-output>
          </reporter-output>
        </test-method> <!-- Close -->
        <test-method status="SKIP" signature="Login()[pri:2, instance:com.sample.LoginPage@4cdbe50f]" name="Login" duration-ms="0" started-at="2019-04-30T15:35:27Z" finished-at="2019-04-30T15:35:27Z">
          <reporter-output>
          </reporter-output>
        </test-method> <!-- Login -->
        <test-method status="SKIP" signature="Title()[pri:3, instance:com.sample.LoginPage@4cdbe50f]" name="Title" duration-ms="0" started-at="2019-04-30T15:35:27Z" finished-at="2019-04-30T15:35:27Z">
          <reporter-output>
          </reporter-output>
        </test-method> <!-- Title -->
        <test-method status="SKIP" signature="Close()[pri:0, instance:com.sample.LoginPage@4cdbe50f]" name="Close" is-config="true" duration-ms="0" started-at="2019-04-30T15:35:27Z" finished-at="2019-04-30T15:35:27Z">
          <reporter-output>
          </reporter-output>
        </test-method> <!-- Close -->
        <test-method status="SKIP" signature="Close()[pri:0, instance:com.sample.LoginPage@4cdbe50f]" name="Close" is-config="true" duration-ms="0" started-at="2019-04-30T15:35:27Z" finished-at="2019-04-30T15:35:27Z">
          <reporter-output>
          </reporter-output>
        </test-method> <!-- Close -->
        <test-method status="SKIP" signature="Logout()[pri:4, instance:com.sample.LoginPage@4cdbe50f]" name="Logout" duration-ms="0" started-at="2019-04-30T15:35:27Z" finished-at="2019-04-30T15:35:27Z">
          <reporter-output>
          </reporter-output>
        </test-method> <!-- Logout -->
      </class> <!-- com.sample.LoginPage -->
    </test> <!-- Default test -->
  </suite> <!-- Default suite -->
</testng-results>
